{"total": {"lines":{"total":1375,"covered":1340,"skipped":0,"pct":97.45},"statements":{"total":1375,"covered":1340,"skipped":0,"pct":97.45},"functions":{"total":67,"covered":66,"skipped":0,"pct":98.5},"branches":{"total":355,"covered":307,"skipped":0,"pct":86.47},"branchesTrue":{"total":0,"covered":0,"skipped":0,"pct":100}}
,"/home/tsuyoshi/ghq/github.com/efg-technologies/zeed-mobile/src/agent/loop.ts": {"lines":{"total":189,"covered":182,"skipped":0,"pct":96.29},"functions":{"total":3,"covered":3,"skipped":0,"pct":100},"statements":{"total":189,"covered":182,"skipped":0,"pct":96.29},"branches":{"total":41,"covered":33,"skipped":0,"pct":80.48}}
,"/home/tsuyoshi/ghq/github.com/efg-technologies/zeed-mobile/src/autopilot/client.ts": {"lines":{"total":179,"covered":153,"skipped":0,"pct":85.47},"functions":{"total":6,"covered":5,"skipped":0,"pct":83.33},"statements":{"total":179,"covered":153,"skipped":0,"pct":85.47},"branches":{"total":44,"covered":33,"skipped":0,"pct":75}}
,"/home/tsuyoshi/ghq/github.com/efg-technologies/zeed-mobile/src/llm/openrouter.ts": {"lines":{"total":92,"covered":92,"skipped":0,"pct":100},"functions":{"total":1,"covered":1,"skipped":0,"pct":100},"statements":{"total":92,"covered":92,"skipped":0,"pct":100},"branches":{"total":29,"covered":23,"skipped":0,"pct":79.31}}
,"/home/tsuyoshi/ghq/github.com/efg-technologies/zeed-mobile/src/search/google.ts": {"lines":{"total":38,"covered":38,"skipped":0,"pct":100},"functions":{"total":2,"covered":2,"skipped":0,"pct":100},"statements":{"total":38,"covered":38,"skipped":0,"pct":100},"branches":{"total":16,"covered":14,"skipped":0,"pct":87.5}}
,"/home/tsuyoshi/ghq/github.com/efg-technologies/zeed-mobile/src/search/rank.ts": {"lines":{"total":131,"covered":129,"skipped":0,"pct":98.47},"functions":{"total":5,"covered":5,"skipped":0,"pct":100},"statements":{"total":131,"covered":129,"skipped":0,"pct":98.47},"branches":{"total":30,"covered":28,"skipped":0,"pct":93.33}}
,"/home/tsuyoshi/ghq/github.com/efg-technologies/zeed-mobile/src/search/shortcut.ts": {"lines":{"total":93,"covered":93,"skipped":0,"pct":100},"functions":{"total":3,"covered":3,"skipped":0,"pct":100},"statements":{"total":93,"covered":93,"skipped":0,"pct":100},"branches":{"total":32,"covered":24,"skipped":0,"pct":75}}
,"/home/tsuyoshi/ghq/github.com/efg-technologies/zeed-mobile/src/storage/bookmarks.ts": {"lines":{"total":59,"covered":59,"skipped":0,"pct":100},"functions":{"total":7,"covered":7,"skipped":0,"pct":100},"statements":{"total":59,"covered":59,"skipped":0,"pct":100},"branches":{"total":23,"covered":23,"skipped":0,"pct":100}}
,"/home/tsuyoshi/ghq/github.com/efg-technologies/zeed-mobile/src/storage/history.ts": {"lines":{"total":96,"covered":96,"skipped":0,"pct":100},"functions":{"total":6,"covered":6,"skipped":0,"pct":100},"statements":{"total":96,"covered":96,"skipped":0,"pct":100},"branches":{"total":38,"covered":35,"skipped":0,"pct":92.1}}
,"/home/tsuyoshi/ghq/github.com/efg-technologies/zeed-mobile/src/storage/likes.ts": {"lines":{"total":60,"covered":60,"skipped":0,"pct":100},"functions":{"total":7,"covered":7,"skipped":0,"pct":100},"statements":{"total":60,"covered":60,"skipped":0,"pct":100},"branches":{"total":18,"covered":17,"skipped":0,"pct":94.44}}
,"/home/tsuyoshi/ghq/github.com/efg-technologies/zeed-mobile/src/storage/secure.ts": {"lines":{"total":71,"covered":71,"skipped":0,"pct":100},"functions":{"total":9,"covered":9,"skipped":0,"pct":100},"statements":{"total":71,"covered":71,"skipped":0,"pct":100},"branches":{"total":21,"covered":21,"skipped":0,"pct":100}}
,"/home/tsuyoshi/ghq/github.com/efg-technologies/zeed-mobile/src/storage/settings.ts": {"lines":{"total":47,"covered":47,"skipped":0,"pct":100},"functions":{"total":3,"covered":3,"skipped":0,"pct":100},"statements":{"total":47,"covered":47,"skipped":0,"pct":100},"branches":{"total":10,"covered":9,"skipped":0,"pct":90}}
,"/home/tsuyoshi/ghq/github.com/efg-technologies/zeed-mobile/src/telemetry/allowlist.ts": {"lines":{"total":51,"covered":51,"skipped":0,"pct":100},"functions":{"total":1,"covered":1,"skipped":0,"pct":100},"statements":{"total":51,"covered":51,"skipped":0,"pct":100},"branches":{"total":4,"covered":3,"skipped":0,"pct":75}}
,"/home/tsuyoshi/ghq/github.com/efg-technologies/zeed-mobile/src/telemetry/client.ts": {"lines":{"total":142,"covered":142,"skipped":0,"pct":100},"functions":{"total":9,"covered":9,"skipped":0,"pct":100},"statements":{"total":142,"covered":142,"skipped":0,"pct":100},"branches":{"total":28,"covered":23,"skipped":0,"pct":82.14}}
,"/home/tsuyoshi/ghq/github.com/efg-technologies/zeed-mobile/src/webview/bridge.ts": {"lines":{"total":112,"covered":112,"skipped":0,"pct":100},"functions":{"total":4,"covered":4,"skipped":0,"pct":100},"statements":{"total":112,"covered":112,"skipped":0,"pct":100},"branches":{"total":9,"covered":9,"skipped":0,"pct":100}}
,"/home/tsuyoshi/ghq/github.com/efg-technologies/zeed-mobile/src/webview/url.ts": {"lines":{"total":15,"covered":15,"skipped":0,"pct":100},"functions":{"total":1,"covered":1,"skipped":0,"pct":100},"statements":{"total":15,"covered":15,"skipped":0,"pct":100},"branches":{"total":12,"covered":12,"skipped":0,"pct":100}}
}
